<?xml version="1.0" encoding="UTF-8"?>
<!-- Generated by org.testng.reporters.JUnitXMLReporter -->
<testsuite hostname="Princes-MacBook-Pro.local" ignored="2" name="ParallelTest" tests="5" failures="1" timestamp="2022-11-21T17:27:54 IST" time="122.273" errors="0">
  <testcase name="VerifyCoustomerTravelPage" time="77.353" classname="com.test.pages.TravelPageTest">
    <failure type="org.openqa.selenium.TimeoutException" message="Expected condition failed: waiting for visibility of element located by By.xpath: /*[@class=&amp;apos;author__meta&amp;apos;] (tried for 60 second(s) with 500 milliseconds interval)
Build info: version: &amp;apos;4.6.0&amp;apos;, revision: &amp;apos;79f1c02ae20&amp;apos;
System info: os.name: &amp;apos;Mac OS X&amp;apos;, os.arch: &amp;apos;x86_64&amp;apos;, os.version: &amp;apos;10.16&amp;apos;, java.version: &amp;apos;1.8.0_291&amp;apos;
Driver info: org.openqa.selenium.chrome.ChromeDriver
Capabilities {acceptInsecureCerts: false, browserName: chrome, browserVersion: 107.0.5304.110, chrome: {chromedriverVersion: 107.0.5304.62 (1eec40d3a576..., userDataDir: /var/folders/p3/yjg70c6x0fn...}, goog:chromeOptions: {debuggerAddress: localhost:50605}, networkConnectionEnabled: false, pageLoadStrategy: normal, platformName: MAC, proxy: Proxy(), se:cdp: ws://localhost:50605/devtoo..., se:cdpVersion: 107.0.5304.110, setWindowRect: true, strictFileInteractability: false, timeouts: {implicit: 0, pageLoad: 300000, script: 30000}, unhandledPromptBehavior: dismiss and notify, webauthn:extension:credBlob: true, webauthn:extension:largeBlob: true, webauthn:virtualAuthenticators: true}
Session ID: eacfac7fb73d39d7db8c1f143560812f">
      <![CDATA[org.openqa.selenium.TimeoutException: Expected condition failed: waiting for visibility of element located by By.xpath: /*[@class='author__meta'] (tried for 60 second(s) with 500 milliseconds interval)
Build info: version: '4.6.0', revision: '79f1c02ae20'
System info: os.name: 'Mac OS X', os.arch: 'x86_64', os.version: '10.16', java.version: '1.8.0_291'
Driver info: org.openqa.selenium.chrome.ChromeDriver
Capabilities {acceptInsecureCerts: false, browserName: chrome, browserVersion: 107.0.5304.110, chrome: {chromedriverVersion: 107.0.5304.62 (1eec40d3a576..., userDataDir: /var/folders/p3/yjg70c6x0fn...}, goog:chromeOptions: {debuggerAddress: localhost:50605}, networkConnectionEnabled: false, pageLoadStrategy: normal, platformName: MAC, proxy: Proxy(), se:cdp: ws://localhost:50605/devtoo..., se:cdpVersion: 107.0.5304.110, setWindowRect: true, strictFileInteractability: false, timeouts: {implicit: 0, pageLoad: 300000, script: 30000}, unhandledPromptBehavior: dismiss and notify, webauthn:extension:credBlob: true, webauthn:extension:largeBlob: true, webauthn:virtualAuthenticators: true}
Session ID: eacfac7fb73d39d7db8c1f143560812f
at org.openqa.selenium.support.ui.WebDriverWait.timeoutException(WebDriverWait.java:87)
at org.openqa.selenium.support.ui.FluentWait.until(FluentWait.java:231)
at com.test.pages.TravelPageTest.VerifyCoustomerTravelPage(TravelPageTest.java:69)
at java.util.ArrayList.forEach(ArrayList.java:1259)
at java.util.concurrent.FutureTask.run(FutureTask.java:266)
at java.util.concurrent.ThreadPoolExecutor.runWorker(ThreadPoolExecutor.java:1149)
at java.util.concurrent.ThreadPoolExecutor$Worker.run(ThreadPoolExecutor.java:624)
at java.lang.Thread.run(Thread.java:748)
... Removed 18 stack frames]]>
    </failure>
  </testcase> <!-- VerifyCoustomerTravelPage -->
  <testcase name="VerifyHomePage" time="1.065" classname="com.test.pages.HomePageTest"/>
  <testcase name="getAllLinks" time="1.941" classname="com.test.pages.HomePageTest"/>
  <testcase name="verifyKiwiModule_ActionClass" time="0.469" classname="com.test.pages.IntegrationPageTest"/>
  <testcase name="VerifyChat" time="15.358" classname="com.test.pages.HomePageTest"/>
  <testcase name="@BeforeSuite deleteScreenShots" time="0.0" classname="com.test.base.BasePage">
    <ignored/>
  </testcase> <!-- @BeforeSuite deleteScreenShots -->
  <testcase name="@BeforeSuite deleteScreenShots" time="0.0" classname="com.test.base.BasePage">
    <ignored/>
  </testcase> <!-- @BeforeSuite deleteScreenShots -->
</testsuite> <!-- ParallelTest -->
