<?xml version="1.0" encoding="UTF-8"?>
<!-- Generated by org.testng.reporters.JUnitXMLReporter -->
<testsuite hostname="Princes-MacBook-Pro.local" ignored="2" name="TestFirefox" tests="7" failures="2" timestamp="2022-11-23T16:28:48 IST" time="188.039" errors="0">
  <testcase name="VerifyCoustomerTravelPage" time="67.848" classname="com.test.pages.TravelPageTest">
    <skipped/>
  </testcase> <!-- VerifyCoustomerTravelPage -->
  <testcase name="VerifyCoustomerTravelPage" time="60.665" classname="com.test.pages.TravelPageTest">
    <failure type="org.openqa.selenium.TimeoutException" message="Expected condition failed: waiting for visibility of element located by By.xpath: //*[@class=&amp;apos;modal-title title&amp;apos;] (tried for 60 second(s) with 500 milliseconds interval)
Build info: version: &amp;apos;4.6.0&amp;apos;, revision: &amp;apos;79f1c02ae20&amp;apos;
System info: os.name: &amp;apos;Mac OS X&amp;apos;, os.arch: &amp;apos;x86_64&amp;apos;, os.version: &amp;apos;12.6&amp;apos;, java.version: &amp;apos;1.8.0_351&amp;apos;
Driver info: org.openqa.selenium.firefox.FirefoxDriver
Capabilities {acceptInsecureCerts: true, browserName: firefox, browserVersion: 106.0.5, moz:accessibilityChecks: false, moz:buildID: 20221104133228, moz:debuggerAddress: 127.0.0.1:32955, moz:geckodriverVersion: 0.32.0, moz:headless: false, moz:platformVersion: 21.6.0, moz:processID: 2832, moz:profile: /var/folders/p3/yjg70c6x0fn..., moz:shutdownTimeout: 60000, moz:useNonSpecCompliantPointerOrigin: false, moz:webdriverClick: true, moz:windowless: false, pageLoadStrategy: normal, platformName: MAC, proxy: Proxy(), se:cdp: ws://127.0.0.1:32955/devtoo..., se:cdpVersion: 85.0, setWindowRect: true, strictFileInteractability: false, timeouts: {implicit: 0, pageLoad: 300000, script: 30000}, unhandledPromptBehavior: dismiss and notify}
Session ID: f0bd1dee-0c27-47de-9b5e-900df7d84cd4">
      <![CDATA[org.openqa.selenium.TimeoutException: Expected condition failed: waiting for visibility of element located by By.xpath: //*[@class='modal-title title'] (tried for 60 second(s) with 500 milliseconds interval)
Build info: version: '4.6.0', revision: '79f1c02ae20'
System info: os.name: 'Mac OS X', os.arch: 'x86_64', os.version: '12.6', java.version: '1.8.0_351'
Driver info: org.openqa.selenium.firefox.FirefoxDriver
Capabilities {acceptInsecureCerts: true, browserName: firefox, browserVersion: 106.0.5, moz:accessibilityChecks: false, moz:buildID: 20221104133228, moz:debuggerAddress: 127.0.0.1:32955, moz:geckodriverVersion: 0.32.0, moz:headless: false, moz:platformVersion: 21.6.0, moz:processID: 2832, moz:profile: /var/folders/p3/yjg70c6x0fn..., moz:shutdownTimeout: 60000, moz:useNonSpecCompliantPointerOrigin: false, moz:webdriverClick: true, moz:windowless: false, pageLoadStrategy: normal, platformName: MAC, proxy: Proxy(), se:cdp: ws://127.0.0.1:32955/devtoo..., se:cdpVersion: 85.0, setWindowRect: true, strictFileInteractability: false, timeouts: {implicit: 0, pageLoad: 300000, script: 30000}, unhandledPromptBehavior: dismiss and notify}
Session ID: f0bd1dee-0c27-47de-9b5e-900df7d84cd4
at org.openqa.selenium.support.ui.WebDriverWait.timeoutException(WebDriverWait.java:87)
at org.openqa.selenium.support.ui.FluentWait.until(FluentWait.java:231)
at com.test.pages.TravelPageTest.VerifyCoustomerTravelPage(TravelPageTest.java:55)
at java.util.ArrayList.forEach(ArrayList.java:1259)
... Removed 27 stack frames]]>
    </failure>
  </testcase> <!-- VerifyCoustomerTravelPage -->
  <testcase name="verifyKiwiModule_ActionClass" time="0.587" classname="com.test.pages.IntegrationPageTest">
    <skipped/>
  </testcase> <!-- verifyKiwiModule_ActionClass -->
  <testcase name="verifyKiwiModule_ActionClass" time="0.599" classname="com.test.pages.IntegrationPageTest">
    <failure type="java.lang.AssertionError" message="The following asserts failed:
	Kiwi link not clickable expected [true] but found [false]">
      <![CDATA[java.lang.AssertionError: The following asserts failed:
Kiwi link not clickable expected [true] but found [false]
at com.test.pages.IntegrationPageTest.verifyKiwiModule_ActionClass(IntegrationPageTest.java:46)
at java.util.ArrayList.forEach(ArrayList.java:1259)
... Removed 29 stack frames]]>
    </failure>
  </testcase> <!-- verifyKiwiModule_ActionClass -->
  <testcase name="VerifyHomePage" time="1.07" classname="com.test.pages.HomePageTest"/>
  <testcase name="getAllLinks" time="1.274" classname="com.test.pages.HomePageTest"/>
  <testcase name="VerifyChat" time="14.45" classname="com.test.pages.HomePageTest"/>
  <testcase name="@BeforeSuite deleteScreenShots" time="0.0" classname="com.test.base.BasePage">
    <ignored/>
  </testcase> <!-- @BeforeSuite deleteScreenShots -->
  <testcase name="@BeforeSuite deleteScreenShots" time="0.0" classname="com.test.base.BasePage">
    <ignored/>
  </testcase> <!-- @BeforeSuite deleteScreenShots -->
</testsuite> <!-- TestFirefox -->
